[    0.000000] Linux version 4.15.0-191-generic (buildd@lcy02-amd64-032) (gcc version 7.5.0 (Ubuntu 7.5.0-3ubuntu1~18.04)) #202-Ubuntu SMP Thu Aug 4 01:49:29 UTC 2022 (Ubuntu 4.15.0-191.202-generic 4.15.18)
[    0.000000] Command line: BOOT_IMAGE=/boot/vmlinuz-4.15.0-191-generic root=LABEL=cloudimg-rootfs ro console=tty1 console=ttyS0
[    0.000000] KERNEL supported cpus:
[    0.000000]   Intel GenuineIntel
[    0.000000]   AMD AuthenticAMD
[    0.000000]   Centaur CentaurHauls
[    0.000000] [Firmware Bug]: TSC doesn't count with P0 frequency!
[    0.000000] x86/fpu: Supporting XSAVE feature 0x001: 'x87 floating point registers'
[    0.000000] x86/fpu: Supporting XSAVE feature 0x002: 'SSE registers'
[    0.000000] x86/fpu: Supporting XSAVE feature 0x004: 'AVX registers'
[    0.000000] x86/fpu: xstate_offset[2]:  576, xstate_sizes[2]:  256
[    0.000000] x86/fpu: Enabled xstate features 0x7, context size is 832 bytes, using 'standard' format.
[    0.000000] e820: BIOS-provided physical RAM map:
[    0.000000] BIOS-e820: [mem 0x0000000000000000-0x000000000009fbff] usable
[    0.000000] BIOS-e820: [mem 0x000000000009fc00-0x000000000009ffff] reserved
[    0.000000] BIOS-e820: [mem 0x00000000000f0000-0x00000000000fffff] reserved
[    0.000000] BIOS-e820: [mem 0x0000000000100000-0x000000003ffeffff] usable
[    0.000000] BIOS-e820: [mem 0x000000003fff0000-0x000000003fffffff] ACPI data
[    0.000000] BIOS-e820: [mem 0x00000000fec00000-0x00000000fec00fff] reserved
[    0.000000] BIOS-e820: [mem 0x00000000fee00000-0x00000000fee00fff] reserved
[    0.000000] BIOS-e820: [mem 0x00000000fffc0000-0x00000000ffffffff] reserved
[    0.000000] NX (Execute Disable) protection: active
[    0.000000] SMBIOS 2.5 present.
[    0.000000] DMI: innotek GmbH VirtualBox/VirtualBox, BIOS VirtualBox 12/01/2006
[    0.000000] Hypervisor detected: KVM
[    0.000000] e820: last_pfn = 0x3fff0 max_arch_pfn = 0x400000000
[    0.000000] MTRR: Disabled
[    0.000000] x86/PAT: MTRRs disabled, skipping PAT initialization too.
[    0.000000] CPU MTRRs all blank - virtualized system.
[    0.000000] x86/PAT: Configuration [0-7]: WB  WT  UC- UC  WB  WT  UC- UC  
[    0.000000] found SMP MP-table at [mem 0x0009fff0-0x0009ffff]
[    0.000000] Scanning 1 areas for low memory corruption
[    0.000000] RAMDISK: [mem 0x359cb000-0x36cdcfff]
[    0.000000] ACPI: Early table checksum verification disabled
[    0.000000] ACPI: RSDP 0x00000000000E0000 000024 (v02 VBOX  )
[    0.000000] ACPI: XSDT 0x000000003FFF0030 00003C (v01 VBOX   VBOXXSDT 00000001 ASL  00000061)
[    0.000000] ACPI: FACP 0x000000003FFF00F0 0000F4 (v04 VBOX   VBOXFACP 00000001 ASL  00000061)
[    0.000000] ACPI: DSDT 0x000000003FFF0470 002325 (v02 VBOX   VBOXBIOS 00000002 INTL 20100528)
[    0.000000] ACPI: FACS 0x000000003FFF0200 000040
[    0.000000] ACPI: FACS 0x000000003FFF0200 000040
[    0.000000] ACPI: APIC 0x000000003FFF0240 00005C (v02 VBOX   VBOXAPIC 00000001 ASL  00000061)
[    0.000000] ACPI: SSDT 0x000000003FFF02A0 0001CC (v01 VBOX   VBOXCPUT 00000002 INTL 20100528)
[    0.000000] ACPI: Reserving FACP table memory at [mem 0x3fff00f0-0x3fff01e3]
[    0.000000] ACPI: Reserving DSDT table memory at [mem 0x3fff0470-0x3fff2794]
[    0.000000] ACPI: Reserving FACS table memory at [mem 0x3fff0200-0x3fff023f]
[    0.000000] ACPI: Reserving FACS table memory at [mem 0x3fff0200-0x3fff023f]
[    0.000000] ACPI: Reserving APIC table memory at [mem 0x3fff0240-0x3fff029b]
[    0.000000] ACPI: Reserving SSDT table memory at [mem 0x3fff02a0-0x3fff046b]
[    0.000000] No NUMA configuration found
[    0.000000] Faking a node at [mem 0x0000000000000000-0x000000003ffeffff]
[    0.000000] NODE_DATA(0) allocated [mem 0x3ffc5000-0x3ffeffff]
[    0.000000] kvm-clock: cpu 0, msr 0:3ff44001, primary cpu clock
[    0.000000] kvm-clock: Using msrs 4b564d01 and 4b564d00
[    0.000000] kvm-clock: using sched offset of 3658303421 cycles
[    0.000000] clocksource: kvm-clock: mask: 0xffffffffffffffff max_cycles: 0x1cd42e4dffb, max_idle_ns: 881590591483 ns
[    0.000000] Zone ranges:
[    0.000000]   DMA      [mem 0x0000000000001000-0x0000000000ffffff]
[    0.000000]   DMA32    [mem 0x0000000001000000-0x000000003ffeffff]
[    0.000000]   Normal   empty
[    0.000000]   Device   empty
[    0.000000] Movable zone start for each node
[    0.000000] Early memory node ranges
[    0.000000]   node   0: [mem 0x0000000000001000-0x000000000009efff]
[    0.000000]   node   0: [mem 0x0000000000100000-0x000000003ffeffff]
[    0.000000] Reserved but unavailable: 104 pages
[    0.000000] Initmem setup node 0 [mem 0x0000000000001000-0x000000003ffeffff]
[    0.000000] ACPI: PM-Timer IO Port: 0x4008
[    0.000000] IOAPIC[0]: apic_id 2, version 32, address 0xfec00000, GSI 0-23
[    0.000000] ACPI: INT_SRC_OVR (bus 0 bus_irq 0 global_irq 2 dfl dfl)
[    0.000000] ACPI: INT_SRC_OVR (bus 0 bus_irq 9 global_irq 9 low level)
[    0.000000] Using ACPI (MADT) for SMP configuration information
[    0.000000] smpboot: Allowing 2 CPUs, 0 hotplug CPUs
[    0.000000] PM: Registered nosave memory: [mem 0x00000000-0x00000fff]
[    0.000000] PM: Registered nosave memory: [mem 0x0009f000-0x0009ffff]
[    0.000000] PM: Registered nosave memory: [mem 0x000a0000-0x000effff]
[    0.000000] PM: Registered nosave memory: [mem 0x000f0000-0x000fffff]
[    0.000000] e820: [mem 0x40000000-0xfebfffff] available for PCI devices
[    0.000000] Booting paravirtualized kernel on KVM
[    0.000000] clocksource: refined-jiffies: mask: 0xffffffff max_cycles: 0xffffffff, max_idle_ns: 7645519600211568 ns
[    0.000000] random: get_random_bytes called from start_kernel+0x99/0x500 with crng_init=0
[    0.000000] setup_percpu: NR_CPUS:8192 nr_cpumask_bits:2 nr_cpu_ids:2 nr_node_ids:1
[    0.000000] percpu: Embedded 50 pages/cpu s167936 r8192 d28672 u1048576
[    0.000000] PV qspinlock hash table entries: 256 (order: 0, 4096 bytes)
[    0.000000] Built 1 zonelists, mobility grouping on.  Total pages: 257913
[    0.000000] Policy zone: DMA32
[    0.000000] Kernel command line: BOOT_IMAGE=/boot/vmlinuz-4.15.0-191-generic root=LABEL=cloudimg-rootfs ro console=tty1 console=ttyS0
[    0.000000] Memory: 982648K/1048120K available (12300K kernel code, 2484K rwdata, 4324K rodata, 2468K init, 2724K bss, 65472K reserved, 0K cma-reserved)
[    0.000000] SLUB: HWalign=64, Order=0-3, MinObjects=0, CPUs=2, Nodes=1
[    0.000000] ftrace: allocating 39485 entries in 155 pages
[    0.004000] Hierarchical RCU implementation.
[    0.004000] 	RCU restricting CPUs from NR_CPUS=8192 to nr_cpu_ids=2.
[    0.004000] 	Tasks RCU enabled.
[    0.004000] RCU: Adjusting geometry for rcu_fanout_leaf=16, nr_cpu_ids=2
[    0.004000] NR_IRQS: 524544, nr_irqs: 440, preallocated irqs: 16
[    0.004000] Console: colour VGA+ 80x25
[    0.004000] console [tty1] enabled
[    0.004000] console [ttyS0] enabled
[    0.004000] ACPI: Core revision 20170831
[    0.004000] ACPI: 2 ACPI AML tables successfully acquired and loaded
[    0.004000] APIC: Switch to symmetric I/O mode setup
[    0.004000] x2apic enabled
[    0.004000] Switched APIC routing to physical x2apic.
[    0.004000] ..TIMER: vector=0x30 apic1=0 pin1=2 apic2=-1 pin2=-1
[    0.004000] tsc: Detected 2096.062 MHz processor
[    0.004000] Calibrating delay loop (skipped) preset value.. 4192.12 BogoMIPS (lpj=8384248)
[    0.004000] pid_max: default: 32768 minimum: 301
[    0.004000] Security Framework initialized
[    0.004000] Yama: becoming mindful.
[    0.004000] AppArmor: AppArmor initialized
[    0.004000] Dentry cache hash table entries: 131072 (order: 8, 1048576 bytes)
[    0.004000] Inode-cache hash table entries: 65536 (order: 7, 524288 bytes)
[    0.004000] Mount-cache hash table entries: 2048 (order: 2, 16384 bytes)
[    0.004000] Mountpoint-cache hash table entries: 2048 (order: 2, 16384 bytes)
[    0.004000] Last level iTLB entries: 4KB 1024, 2MB 1024, 4MB 512
[    0.004000] Last level dTLB entries: 4KB 2048, 2MB 2048, 4MB 1024, 1GB 0
[    0.004000] Spectre V1 : Mitigation: usercopy/swapgs barriers and __user pointer sanitization
[    0.004000] Spectre V2 : Mitigation: Retpolines
[    0.004000] Spectre V2 : Spectre v2 / SpectreRSB mitigation: Filling RSB on context switch
[    0.004000] Freeing SMP alternatives memory: 36K
[    0.134053] APIC calibration not consistent with PM-Timer: 110ms instead of 100ms
[    0.135874] APIC delta adjusted to PM-Timer: 6417145 (7077928)
[    0.136071] smpboot: CPU0: AMD Ryzen 5 5500U with Radeon Graphics (family: 0x17, model: 0x68, stepping: 0x1)
[    0.138079] Performance Events: PMU not available due to virtualization, using software events only.
[    0.139946] Hierarchical SRCU implementation.
[    0.140767] NMI watchdog: Perf event create on CPU 0 failed with -2
[    0.142122] NMI watchdog: Perf NMI watchdog permanently disabled
[    0.143358] smp: Bringing up secondary CPUs ...
[    0.144103] x86: Booting SMP configuration:
[    0.144978] .... node  #0, CPUs:      #1
[    0.004000] kvm-clock: cpu 1, msr 0:3ff44041, secondary cpu clock
[    0.148037] smp: Brought up 1 node, 2 CPUs
[    0.148971] smpboot: Max logical packages: 1
[    0.152008] smpboot: Total of 2 processors activated (8384.24 BogoMIPS)
[    0.153394] devtmpfs: initialized
[    0.153394] x86/mm: Memory block size: 128MB
[    0.153394] evm: security.selinux
[    0.154414] evm: security.SMACK64
[    0.155358] evm: security.SMACK64EXEC
[    0.156006] evm: security.SMACK64TRANSMUTE
[    0.157128] evm: security.SMACK64MMAP
[    0.157957] evm: security.apparmor
[    0.158712] evm: security.ima
[    0.160004] evm: security.capability
[    0.160820] clocksource: jiffies: mask: 0xffffffff max_cycles: 0xffffffff, max_idle_ns: 7645041785100000 ns
[    0.162141] futex hash table entries: 512 (order: 3, 32768 bytes)
[    0.165243] pinctrl core: initialized pinctrl subsystem
[    0.166670] RTC time: 13:37:23, date: 08/23/22
[    0.168262] NET: Registered protocol family 16
[    0.169426] audit: initializing netlink subsys (disabled)
[    0.172051] audit: type=2000 audit(1661261848.194:1): state=initialized audit_enabled=0 res=1
[    0.176011] cpuidle: using governor ladder
[    0.176945] cpuidle: using governor menu
[    0.177103] ACPI: bus type PCI registered
[    0.177103] acpiphp: ACPI Hot Plug PCI Controller Driver version: 0.5
[    0.180121] PCI: Using configuration type 1 for base access
[    0.181240] PCI: Using configuration type 1 for extended access
[    0.184049] HugeTLB registered 2.00 MiB page size, pre-allocated 0 pages
[    0.185415] ACPI: Added _OSI(Module Device)
[    0.185415] ACPI: Added _OSI(Processor Device)
[    0.185839] ACPI: Added _OSI(3.0 _SCP Extensions)
[    0.186809] ACPI: Added _OSI(Processor Aggregator Device)
[    0.188013] ACPI: Added _OSI(Linux-Dell-Video)
[    0.188924] ACPI: Added _OSI(Linux-Lenovo-NV-HDMI-Audio)
[    0.190032] ACPI: Added _OSI(Linux-HPI-Hybrid-Graphics)
[    0.191399] ACPI: Executed 1 blocks of module-level executable AML code
[    0.197669] ACPI: Interpreter enabled
[    0.198598] ACPI: (supports S0 S5)
[    0.199523] ACPI: Using IOAPIC for interrupt routing
[    0.200274] PCI: Using host bridge windows from ACPI; if necessary, use "pci=nocrs" and report a bug
[    0.202332] ACPI: Enabled 2 GPEs in block 00 to 07
[    0.211003] ACPI: PCI Root Bridge [PCI0] (domain 0000 [bus 00-ff])
[    0.212000] acpi PNP0A03:00: _OSC: OS supports [ExtendedConfig ASPM ClockPM Segments MSI]
[    0.213095] acpi PNP0A03:00: _OSC: platform does not support [PCIeCapability]
[    0.216552] acpi PNP0A03:00: _OSC: not requesting control; platform does not support [PCIeCapability]
[    0.218662] acpi PNP0A03:00: _OSC: OS requested [PCIeHotplug PME AER PCIeCapability]
[    0.220005] acpi PNP0A03:00: _OSC: platform willing to grant [PCIeHotplug PME AER]
[    0.222613] acpi PNP0A03:00: _OSC failed (AE_SUPPORT); disabling ASPM
[    0.224500] PCI host bridge to bus 0000:00
[    0.225494] pci_bus 0000:00: root bus resource [io  0x0000-0x0cf7 window]
[    0.228006] pci_bus 0000:00: root bus resource [io  0x0d00-0xffff window]
[    0.229319] pci_bus 0000:00: root bus resource [mem 0x000a0000-0x000bffff window]
[    0.230924] pci_bus 0000:00: root bus resource [mem 0x40000000-0xfdffffff window]
[    0.232000] pci_bus 0000:00: root bus resource [bus 00-ff]
[    0.234379] pci 0000:00:01.1: legacy IDE quirk: reg 0x10: [io  0x01f0-0x01f7]
[    0.236004] pci 0000:00:01.1: legacy IDE quirk: reg 0x14: [io  0x03f6]
[    0.237449] pci 0000:00:01.1: legacy IDE quirk: reg 0x18: [io  0x0170-0x0177]
[    0.240010] pci 0000:00:01.1: legacy IDE quirk: reg 0x1c: [io  0x0376]
[    0.261731] pci 0000:00:07.0: quirk: [io  0x4000-0x403f] claimed by PIIX4 ACPI
[    0.263490] pci 0000:00:07.0: quirk: [io  0x4100-0x410f] claimed by PIIX4 SMB
[    0.271983] ACPI: PCI Interrupt Link [LNKA] (IRQs 5 9 10 *11)
[    0.272742] ACPI: PCI Interrupt Link [LNKB] (IRQs 5 9 *10 11)
[    0.276113] ACPI: PCI Interrupt Link [LNKC] (IRQs 5 *9 10 11)
[    0.277431] ACPI: PCI Interrupt Link [LNKD] (IRQs 5 9 10 *11)
[    0.279109] SCSI subsystem initialized
[    0.280079] pci 0000:00:02.0: vgaarb: setting as boot VGA device
[    0.281183] pci 0000:00:02.0: vgaarb: VGA device added: decodes=io+mem,owns=io+mem,locks=none
[    0.282866] pci 0000:00:02.0: vgaarb: bridge control possible
[    0.283970] vgaarb: loaded
[    0.284035] ACPI: bus type USB registered
[    0.284868] usbcore: registered new interface driver usbfs
[    0.286000] usbcore: registered new interface driver hub
[    0.287048] usbcore: registered new device driver usb
[    0.288041] EDAC MC: Ver: 3.0.0
[    0.292050] PCI: Using ACPI for IRQ routing
[    0.293264] NetLabel: Initializing
[    0.294013] NetLabel:  domain hash size = 128
[    0.294013] NetLabel:  protocols = UNLABELED CIPSOv4 CALIPSO
[    0.294013] NetLabel:  unlabeled traffic allowed by default
[    0.296130] clocksource: Switched to clocksource kvm-clock
[    0.308902] VFS: Disk quotas dquot_6.6.0
[    0.308902] VFS: Dquot-cache hash table entries: 512 (order 0, 4096 bytes)
[    0.308902] AppArmor: AppArmor Filesystem Enabled
[    0.308902] pnp: PnP ACPI init
[    0.308902] pnp: PnP ACPI: found 3 devices
[    0.337223] clocksource: acpi_pm: mask: 0xffffff max_cycles: 0xffffff, max_idle_ns: 2085701024 ns
[    0.339330] NET: Registered protocol family 2
[    0.340307] IP idents hash table entries: 16384 (order: 5, 131072 bytes)
[    0.343367] TCP established hash table entries: 8192 (order: 4, 65536 bytes)
[    0.345017] TCP bind hash table entries: 8192 (order: 5, 131072 bytes)
[    0.346728] TCP: Hash tables configured (established 8192 bind 8192)
[    0.348350] UDP hash table entries: 512 (order: 2, 16384 bytes)
[    0.348975] UDP-Lite hash table entries: 512 (order: 2, 16384 bytes)
[    0.348975] NET: Registered protocol family 1
[    0.348975] pci 0000:00:00.0: Limiting direct PCI/PCI transfers
[    0.348975] pci 0000:00:01.0: Activating ISA DMA hang workarounds
[    0.348975] pci 0000:00:02.0: Video device with shadowed ROM at [mem 0x000c0000-0x000dffff]
[    0.348975] Unpacking initramfs...
[    0.348975] Freeing initrd memory: 19528K
[    0.348975] clocksource: tsc: mask: 0xffffffffffffffff max_cycles: 0x1e36a88731c, max_idle_ns: 440795269020 ns
[    0.348975] platform rtc_cmos: registered platform RTC device (no PNP device found)
[    0.348975] Scanning for low memory corruption every 60 seconds
[    0.756052] Initialise system trusted keyrings
[    0.757217] Key type blacklist registered
[    0.758385] workingset: timestamp_bits=36 max_order=18 bucket_order=0
[    0.760813] zbud: loaded
[    0.762559] squashfs: version 4.0 (2009/01/31) Phillip Lougher
[    0.764916] fuse init (API version 7.26)
[    0.774506] Key type asymmetric registered
[    0.775694] Asymmetric key parser 'x509' registered
[    0.776949] Block layer SCSI generic (bsg) driver version 0.4 loaded (major 246)
[    0.778635] io scheduler noop registered
[    0.779556] io scheduler deadline registered
[    0.780569] io scheduler cfq registered (default)
[    0.781896] ACPI: AC Adapter [AC] (off-line)
[    0.783013] input: Power Button as /devices/LNXSYSTM:00/LNXPWRBN:00/input/input0
[    0.784898] ACPI: Power Button [PWRF]
[    0.785840] input: Sleep Button as /devices/LNXSYSTM:00/LNXSLPBN:00/input/input1
[    0.787410] ACPI: Sleep Button [SLPF]
[    0.789423] ACPI: Battery Slot [BAT0] (battery present)
[    0.790788] Serial: 8250/16550 driver, 32 ports, IRQ sharing enabled
[    0.813170] 00:02: ttyS0 at I/O 0x3f8 (irq = 4, base_baud = 115200) is a 16550A
[    0.820152] Linux agpgart interface v0.103
[    0.824775] loop: module loaded
[    0.826282] scsi host0: ata_piix
[    0.827314] scsi host1: ata_piix
[    0.828102] ata1: PATA max UDMA/33 cmd 0x1f0 ctl 0x3f6 bmdma 0xd000 irq 14
[    0.829645] ata2: PATA max UDMA/33 cmd 0x170 ctl 0x376 bmdma 0xd008 irq 15
[    0.831340] tun: Universal TUN/TAP device driver, 1.6
[    0.832533] PPP generic driver version 2.4.2
[    0.833625] ehci_hcd: USB 2.0 'Enhanced' Host Controller (EHCI) Driver
[    0.834961] ehci-pci: EHCI PCI platform driver
[    0.835898] ehci-platform: EHCI generic platform driver
[    0.836968] ohci_hcd: USB 1.1 'Open' Host Controller (OHCI) Driver
[    0.838195] ohci-pci: OHCI PCI platform driver
[    0.839158] ohci-platform: OHCI generic platform driver
[    0.840195] uhci_hcd: USB Universal Host Controller Interface driver
[    0.841542] i8042: PNP: PS/2 Controller [PNP0303:PS2K,PNP0f03:PS2M] at 0x60,0x64 irq 1,12
[    0.843708] serio: i8042 KBD port at 0x60,0x64 irq 1
[    0.845262] serio: i8042 AUX port at 0x60,0x64 irq 12
[    0.846941] mousedev: PS/2 mouse device common for all mice
[    0.849322] input: AT Translated Set 2 keyboard as /devices/platform/i8042/serio0/input/input2
[    0.851502] rtc_cmos rtc_cmos: rtc core: registered rtc_cmos as rtc0
[    0.853117] rtc_cmos rtc_cmos: alarms up to one day, 114 bytes nvram
[    0.854405] i2c /dev entries driver
[    0.855274] device-mapper: uevent: version 1.0.3
[    0.856463] device-mapper: ioctl: 4.37.0-ioctl (2017-09-20) initialised: dm-devel@redhat.com
[    0.858281] ledtrig-cpu: registered to indicate activity on CPUs
[    0.860249] NET: Registered protocol family 10
[    0.865624] Segment Routing with IPv6
[    0.866649] NET: Registered protocol family 17
[    0.867858] Key type dns_resolver registered
[    0.869122] mce: Using 0 MCE banks
[    0.869930] RAS: Correctable Errors collector initialized.
[    0.871137] sched_clock: Marking stable (869084831, 0)->(1084303259, -215218428)
[    0.873366] registered taskstats version 1
[    0.874256] Loading compiled-in X.509 certificates
[    0.877966] Loaded X.509 cert 'Build time autogenerated kernel key: c22b55fccca0ab4a1b471e83eb5a5035df964114'
[    0.880932] Loaded X.509 cert 'Canonical Ltd. Live Patch Signing: 14df34d1a87cf37625abec039ef2bf521249b969'
[    0.883635] Loaded X.509 cert 'Canonical Ltd. Kernel Module Signing: 88f752e560a1e0737e31163a466ad7b70a850c19'
[    0.885755] blacklist: Loading compiled-in revocation X.509 certificates
[    0.887117] Loaded X.509 cert 'Canonical Ltd. Secure Boot Signing: 61482aa2830d0ab2ad5af10b7250da9033ddcef0'
[    0.889260] zswap: loaded using pool lzo/zbud
[    0.895074] Key type big_key registered
[    0.895993] Key type trusted registered
[    0.898888] Key type encrypted registered
[    0.899810] AppArmor: AppArmor sha1 policy hashing enabled
[    0.900996] ima: No TPM chip found, activating TPM-bypass! (rc=-19)
[    0.902185] ima: Allocated hash algorithm: sha1
[    0.903141] evm: HMAC attrs: 0x1
[    0.904072]   Magic number: 2:700:635
[    0.905032] rtc_cmos rtc_cmos: setting system clock to 2022-08-23 13:37:23 UTC (1661261843)
[    0.906988] BIOS EDD facility v0.16 2004-Jun-25, 0 devices found
[    0.908188] EDD information not available.
[    1.020009] Freeing unused kernel image memory: 2468K
[    1.032074] Write protecting the kernel read-only data: 20480k
[    1.035016] Freeing unused kernel image memory: 2008K
[    1.037239] Freeing unused kernel image memory: 1820K
[    1.050220] x86/mm: Checked W+X mappings: passed, no W+X pages found.
Loading, please wait...
starting version 237
[    1.135305] e1000: Intel(R) PRO/1000 Network Driver - version 7.3.21-k8-NAPI
[    1.136959] e1000: Copyright (c) 1999-2006 Intel Corporation.
[    1.142050] Fusion MPT base driver 3.04.20
[    1.143256] Copyright (c) 1999-2008 LSI Corporation
[    1.150256] Fusion MPT SPI Host driver 3.04.20
[    1.165877] AVX2 version of gcm_enc/dec engaged.
[    1.167208] AES CTR mode by8 optimization enabled
[    1.350268] input: ImExPS/2 Generic Explorer Mouse as /devices/platform/i8042/serio1/input/input4
[    1.559937] e1000 0000:00:03.0 eth0: (PCI:33MHz:32-bit) 02:dd:70:87:b9:65
[    1.561599] e1000 0000:00:03.0 eth0: Intel(R) PRO/1000 Network Connection
[    1.565115] e1000 0000:00:03.0 enp0s3: renamed from eth0
[    1.566502] mptbase: ioc0: Initiating bringup
[    2.236610] ioc0: LSI53C1030 A0: Capabilities={Initiator}
[    2.480112] scsi host2: ioc0: LSI53C1030 A0, FwRev=00000000h, Ports=1, MaxQ=256, IRQ=20
[    3.369688] scsi 2:0:0:0: Direct-Access     VBOX     HARDDISK         1.0  PQ: 0 ANSI: 5
[    3.558531] scsi target2:0:0: Beginning Domain Validation
[    3.563101] scsi target2:0:0: Domain Validation skipping write tests
[    3.564654] scsi target2:0:0: Ending Domain Validation
[    3.565965] scsi target2:0:0: asynchronous
[    3.567521] scsi 2:0:1:0: Direct-Access     VBOX     HARDDISK         1.0  PQ: 0 ANSI: 5
[    6.106135] scsi target2:0:1: Beginning Domain Validation
[    6.108936] random: fast init done
[    6.109899] scsi target2:0:1: Domain Validation skipping write tests
[    6.112260] scsi target2:0:1: Ending Domain Validation
[    6.113704] scsi target2:0:1: asynchronous
[    6.120122] random: systemd-udevd: uninitialized urandom read (16 bytes read)
[    6.120692] sd 2:0:0:0: [sda] 83886080 512-byte logical blocks: (42.9 GB/40.0 GiB)
[    6.123078] random: systemd-udevd: uninitialized urandom read (16 bytes read)
[    6.125041] sd 2:0:0:0: [sda] Write Protect is off
[    6.126555] random: systemd-udevd: uninitialized urandom read (16 bytes read)
[    6.127176] sd 2:0:0:0: Attached scsi generic sg0 type 0
[    6.127980] sd 2:0:0:0: [sda] Incomplete mode parameter data
[    6.130275] sd 2:0:1:0: Attached scsi generic sg1 type 0
[    6.130733] sd 2:0:0:0: [sda] Assuming drive cache: write through
[    6.131311] sd 2:0:1:0: [sdb] 20480 512-byte logical blocks: (10.5 MB/10.0 MiB)
[    6.137088] sd 2:0:1:0: [sdb] Write Protect is off
[    6.138731] sd 2:0:1:0: [sdb] Incomplete mode parameter data
[    6.141176] sd 2:0:1:0: [sdb] Assuming drive cache: write through
[    6.144510]  sda: sda1
[    6.146163] sd 2:0:0:0: [sda] Attached SCSI disk
[    6.146502] sd 2:0:1:0: [sdb] Attached SCSI disk
Begin: Loading essential drivers ... [    7.800328] raid6: sse2x1   gen()  4899 MB/s
[    7.849814] raid6: sse2x1   xor()  4912 MB/s
[    7.897755] raid6: sse2x2   gen() 10127 MB/s
[    7.944648] raid6: sse2x2   xor()  6527 MB/s
[    7.992180] raid6: sse2x4   gen()  9827 MB/s
[    8.042031] raid6: sse2x4   xor()  5489 MB/s
[    8.088549] raid6: avx2x1   gen() 11501 MB/s
[    8.136442] raid6: avx2x1   xor()  8753 MB/s
[    8.184305] raid6: avx2x2   gen() 18880 MB/s
[    8.232165] raid6: avx2x2   xor() 12377 MB/s
[    8.280046] raid6: avx2x4   gen() 19893 MB/s
[    8.328020] raid6: avx2x4   xor()  8864 MB/s
[    8.329805] raid6: using algorithm avx2x4 gen() 19893 MB/s
[    8.331966] raid6: .... xor() 8864 MB/s, rmw enabled
[    8.333376] raid6: using avx2x2 recovery algorithm
[    8.336406] xor: automatically using best checksumming function   avx       
[    8.340244] async_tx: api initialized (async)
done.
Begin: Running /scripts/init-premount ... done.
Begin: Mounting root file system ... Begin: Running /scripts/local-top ... done.
Begin: Running /scripts/local-premount ... [    8.397039] Btrfs loaded, crc32c=crc32c-intel
Scanning for Btrfs filesystems
done.
Warning: fsck not present, so skipping root file system
[    8.435716] EXT4-fs (sda1): mounted filesystem with ordered data mode. Opts: (null)
done.
Begin: Running /scripts/local-bottom ... done.
Begin: Running /scripts/init-bottom ... done.
[    8.614956] ip_tables: (C) 2000-2006 Netfilter Core Team
[    8.624525] systemd[1]: systemd 237 running in system mode. (+PAM +AUDIT +SELINUX +IMA +APPARMOR +SMACK +SYSVINIT +UTMP +LIBCRYPTSETUP +GCRYPT +GNUTLS +ACL +XZ +LZ4 +SECCOMP +BLKID +ELFUTILS +KMOD -IDN2 +IDN -PCRE2 default-hierarchy=hybrid)
[    8.629417] systemd[1]: Detected virtualization oracle.
[    8.630779] systemd[1]: Detected architecture x86-64.

Welcome to [1mUbuntu 18.04.6 LTS[0m!

[    8.640826] systemd[1]: Set hostname to <ubuntu>.
[    8.645153] systemd[1]: Initializing machine ID from random generator.
[    8.646667] systemd[1]: Installed transient /etc/machine-id file.
[    8.902526] systemd[1]: Started Forward Password Requests to Wall Directory Watch.
[[0;32m  OK  [0m] Started Forward Password Requests to Wall Directory Watch.
[    8.905451] systemd[1]: Reached target Swap.
[[0;32m  OK  [0m] Reached target Swap.
[    8.916460] systemd[1]: Reached target User and Group Name Lookups.
[[0;32m  OK  [0m] Reached target User and Group Name Lookups.
[    8.931544] systemd[1]: Created slice User and Session Slice.
[[0;32m  OK  [0m] Created slice User and Session Slice.
[[0;32m  OK  [0m] Set up automount Arbitrary Executab…rmats File System Automount Point.
[[0;32m  OK  [0m] Reached target System Time Synchronized.
[[0;32m  OK  [0m] Created slice System Slice.
[[0;32m  OK  [0m] Listening on Journal Socket (/dev/log).
[[0;32m  OK  [0m] Listening on LVM2 poll daemon socket.
[[0;32m  OK  [0m] Listening on LVM2 metadata daemon socket.
[[0;32m  OK  [0m] Created slice system-serial\x2dgetty.slice.
[[0;32m  OK  [0m] Listening on /dev/initctl Compatibility Named Pipe.
[[0;32m  OK  [0m] Listening on Syslog Socket.
[[0;32m  OK  [0m] Listening on Device-mapper event daemon FIFOs.
[[0;32m  OK  [0m] Listening on Journal Socket.
         Starting Load Kernel Modules...
[[0;32m  OK  [0m] Reached target Slices.
         Mounting Huge Pages File System...
         Starting Uncomplicated firewall...
[[0;32m  OK  [0m] Listening on fsck to fsckd communication Socket.
[[0;32m  OK  [0m] Listening on udev Kernel Socket.
[    8.969885] Loading iSCSI transport class v2.0-870.
         Mounting POSIX Message Queue File System...
         Starting Set the console keyboard layout...
[    8.978876] iscsi: registered transport (tcp)
         Starting Create list of required st…ce nodes for the current kernel...
[[0;32m  OK  [0m] Listening on Network Service Netlink Socket.
[[0;32m  OK  [0m] Listening on udev Control Socket.
         Starting udev Coldplug all Devices...
[    9.002571] iscsi: registered transport (iser)
         Starting File System Check on Root Device...
         Mounting Kernel Debug File System...
[[0;32m  OK  [0m] Listening on Journal Audit Socket.
         Starting Journal Service...
         Starting Monitoring of LVM2 mirrors…ng dmeventd or progress polling...
[[0;32m  OK  [0m] Started Load Kernel Modules.
[[0;32m  OK  [0m] Started Uncomplicated firewall.
         Starting Apply Kernel Variables...
         Mounting Kernel Configuration File System...
         Mounting FUSE Control File System...
[[0;32m  OK  [0m] Started Create list of required sta…vice nodes for the current kernel.
         Starting Create Static Device Nodes in /dev...
[[0;32m  OK  [0m] Mounted Huge Pages File System.
[[0;32m  OK  [0m] Mounted POSIX Message Queue File System.
[[0;32m  OK  [0m] Mounted Kernel Debug File System.
[[0;32m  OK  [0m] Mounted Kernel Configuration File System.
[[0;32m  OK  [0m] Mounted FUSE Control File System.
[[0;32m  OK  [0m] Started File System Check Daemon to report status.
[[0;32m  OK  [0m] Started LVM2 metadata daemon.
[[0;32m  OK  [0m] Started udev Coldplug all Devices.
[[0;32m  OK  [0m] Started Journal Service.
[[0;32m  OK  [0m] Started Create Static Device Nodes in /dev.
[[0;32m  OK  [0m] Started File System Check on Root Device.
         Starting Remount Root and Kernel File Systems...
[[0;32m  OK  [0m] Started Apply Kernel Variables.
[[0;32m  OK  [0m] Started Monitoring of LVM2 mirrors,…sing dmeventd or progress polling.
[[0;32m  OK  [0m] Started Remount Root and Kernel File Systems.
         Starting Load/Save Random Seed...
         Starting udev Kernel Device Manager...
         Starting Flush Journal to Persistent Storage...
[[0;32m  OK  [0m] Started Load/Save Random Seed.
[[0;32m  OK  [0m] Started udev Kernel Device Manager.
[[0;32m  OK  [0m] Started Flush Journal to Persistent Storage.
[[0;32m  OK  [0m] Started Set the console keyboard layout.
[[0;32m  OK  [0m] Reached target Local File Systems (Pre).
[[0;32m  OK  [0m] Reached target Local File Systems.
         Starting ebtables ruleset management...
         Starting Create Volatile Files and Directories...
         Starting Set console font and keymap...
         Starting AppArmor initialization...
         Starting Tell Plymouth To Write Out Runtime Data...
         Starting Commit a transient machine-id on disk...
[[0;32m  OK  [0m] Started Dispatch Password Requests to Console Directory Watch.
[[0;32m  OK  [0m] Reached target Local Encrypted Volumes.
[[0;32m  OK  [0m] Started Create Volatile Files and Directories.
[[0;32m  OK  [0m] Started Set console font and keymap.
         Starting Update UTMP about System Boot/Shutdown...
[[0;32m  OK  [0m] Started Tell Plymouth To Write Out Runtime Data.
[[0;32m  OK  [0m] Started Update UTMP about System Boot/Shutdown.
[[0;32m  OK  [0m] Started Commit a transient machine-id on disk.
[[0;32m  OK  [0m] Started ebtables ruleset management.
[[0;32m  OK  [0m] Found device /dev/ttyS0.
[[0;32m  OK  [0m] Listening on Load/Save RF Kill Switch Status /dev/rfkill Watch.
[[0;32m  OK  [0m] Started AppArmor initialization.
         Starting Load AppArmor profiles managed internally by snapd...
         Starting Initial cloud-init job (pre-networking)...
[[0;32m  OK  [0m] Started Load AppArmor profiles managed internally by snapd.
[   13.141537] cloud-init[570]: Cloud-init v. 22.2-0ubuntu1~18.04.3 running 'init-local' at Tue, 23 Aug 2022 13:37:35 +0000. Up 12.63 seconds.
[[0;32m  OK  [0m] Started Initial cloud-init job (pre-networking).
[[0;32m  OK  [0m] Reached target Network (Pre).
         Starting Network Service...
[[0;32m  OK  [0m] Started Network Service.
         Starting Wait for Network to be Configured...
         Starting Network Name Resolution...
[[0;32m  OK  [0m] Started Network Name Resolution.
[[0;32m  OK  [0m] Reached target Host and Network Name Lookups.
[[0;32m  OK  [0m] Reached target Network.
[[0;32m  OK  [0m] Started Wait for Network to be Configured.
         Starting Initial cloud-init job (metadata service crawler)...
[   16.061674] cloud-init[689]: Cloud-init v. 22.2-0ubuntu1~18.04.3 running 'init' at Tue, 23 Aug 2022 13:37:38 +0000. Up 15.78 seconds.
[   16.065618] cloud-init[689]: ci-info: ++++++++++++++++++++++++++++++++++++++Net device info++++++++++++++++++++++++++++++++++++++
[   16.069463] cloud-init[689]: ci-info: +--------+------+----------------------------+---------------+--------+-------------------+
[   16.071286] cloud-init[689]: ci-info: | Device |  Up  |          Address           |      Mask     | Scope  |     Hw-Address    |
[   16.073490] cloud-init[689]: ci-info: +--------+------+----------------------------+---------------+--------+-------------------+
[   16.075404] cloud-init[689]: ci-info: | enp0s3 | True |         10.0.2.15          | 255.255.255.0 | global | 02:dd:70:87:b9:65 |
[   16.077538] cloud-init[689]: ci-info: | enp0s3 | True | fe80::dd:70ff:fe87:b965/64 |       .       |  link  | 02:dd:70:87:b9:65 |
[   16.079626] cloud-init[689]: ci-info: |   lo   | True |         127.0.0.1          |   255.0.0.0   |  host  |         .         |
[   16.081913] cloud-init[689]: ci-info: |   lo   | True |          ::1/128           |       .       |  host  |         .         |
[   16.084209] cloud-init[689]: ci-info: +--------+------+----------------------------+---------------+--------+-------------------+
[   16.086343] cloud-init[689]: ci-info: ++++++++++++++++++++++++++++Route IPv4 info+++++++++++++++++++++++++++++
[   16.088307] cloud-init[689]: ci-info: +-------+-------------+----------+-----------------+-----------+-------+
[   16.089796] cloud-init[689]: ci-info: | Route | Destination | Gateway  |     Genmask     | Interface | Flags |
[   16.091015] cloud-init[689]: ci-info: +-------+-------------+----------+-----------------+-----------+-------+
[   16.092329] cloud-init[689]: ci-info: |   0   |   0.0.0.0   | 10.0.2.2 |     0.0.0.0     |   enp0s3  |   UG  |
[   16.093579] cloud-init[689]: ci-info: |   1   |   10.0.2.0  | 0.0.0.0  |  255.255.255.0  |   enp0s3  |   U   |
[   16.094880] cloud-init[689]: ci-info: |   2   |   10.0.2.2  | 0.0.0.0  | 255.255.255.255 |   enp0s3  |   UH  |
[   16.096077] cloud-init[689]: ci-info: +-------+-------------+----------+-----------------+-----------+-------+
[   16.098672] cloud-init[689]: ci-info: +++++++++++++++++++Route IPv6 info+++++++++++++++++++
[   16.112309] cloud-init[689]: ci-info: +-------+-------------+---------+-----------+-------+
[   16.113903] cloud-init[689]: ci-info: | Route | Destination | Gateway | Interface | Flags |
[   16.115491] cloud-init[689]: ci-info: +-------+-------------+---------+-----------+-------+
[   16.116811] cloud-init[689]: ci-info: |   1   |  fe80::/64  |    ::   |   enp0s3  |   U   |
[   16.117976] cloud-init[689]: ci-info: |   3   |    local    |    ::   |   enp0s3  |   U   |
[   16.119597] cloud-init[689]: ci-info: |   4   |   ff00::/8  |    ::   |   enp0s3  |   U   |
[   16.121323] cloud-init[689]: ci-info: +-------+-------------+---------+-----------+-------+
[   16.847861] cloud-init[689]: Generating public/private rsa key pair.
[   16.864286] cloud-init[689]: Your identification has been saved in /etc/ssh/ssh_host_rsa_key.
[   16.865536] cloud-init[689]: Your public key has been saved in /etc/ssh/ssh_host_rsa_key.pub.
[   16.876990] cloud-init[689]: The key fingerprint is:
[   16.879089] cloud-init[689]: SHA256:siI8IJ4UfvsVLDcPKVSe1u3TKXOJn/46Xf86Lnmwsd8 root@ubuntu-bionic
[   16.881390] cloud-init[689]: The key's randomart image is:
[   16.882694] cloud-init[689]: +---[RSA 2048]----+
[   16.883966] cloud-init[689]: |       .         |
[   16.885172] cloud-init[689]: |      o o .      |
[   16.886298] cloud-init[689]: | .   . + . .     |
[   16.887474] cloud-init[689]: |. . . o . . o o  |
[   16.888652] cloud-init[689]: |oo . o.BS  * =   |
[   16.889744] cloud-init[689]: |+oo . +o=   O . .|
[   16.890853] cloud-init[689]: | o+.. .. .   O. o|
[   16.891994] cloud-init[689]: |   o...     *.oo.|
[   16.893164] cloud-init[689]: |     .       BB+E|
[   16.894680] cloud-init[689]: +----[SHA256]-----+
[   16.895702] cloud-init[689]: Generating public/private dsa key pair.
[   16.897223] cloud-init[689]: Your identification has been saved in /etc/ssh/ssh_host_dsa_key.
[   16.899200] cloud-init[689]: Your public key has been saved in /etc/ssh/ssh_host_dsa_key.pub.
[   16.901131] cloud-init[689]: The key fingerprint is:
[   16.902488] cloud-init[689]: SHA256:yEXA3PHt0ruHyVMeyMs55o4SzTOduzQOPRKtn8NLuSk root@ubuntu-bionic
[   16.904238] cloud-init[689]: The key's randomart image is:
[   16.905984] cloud-init[689]: +---[DSA 1024]----+
[   16.907068] cloud-init[689]: |     o.oo.       |
[   16.908259] cloud-init[689]: |      o... .     |
[   16.909682] cloud-init[689]: |        . . .    |
[   16.910550] cloud-init[689]: |     . o   +     |
[   16.911506] cloud-init[689]: |      o Sooo+o   |
[   16.912891] cloud-init[689]: |        . ===oo  |
[   16.914087] cloud-init[689]: |         .+*OO . |
[   16.915447] cloud-init[689]: |        . EO#Bo  |
[   16.928719] cloud-init[689]: |         ..=%B   |
[   16.940410] cloud-init[689]: +----[SHA256]-----+
[[0;32m  OK  [0m] Started Initial cloud-init job (metadata service crawler).
[   16.957043] cloud-init[689]: Generating public/private ecdsa key pair.
[   16.959893] cloud-init[689]: Your identification has been saved in /etc/ssh/ssh_host_ecdsa_key.
[   16.961066] cloud-init[689]: Your public key has been saved in /etc/ssh/ssh_host_ecdsa_key.pub.
[   16.962359] cloud-init[689]: The key fingerprint is:
[   16.962443] cloud-init[689]: SHA256:CG3j0yFrE5xytw+24TPitiZRm+6AAa+e/JA0aqskfXA root@ubuntu-bionic
[   16.962992] cloud-init[689]: The key's randomart image is:
[   16.963517] cloud-init[689]: +---[ECDSA 256]---+
[   16.963946] cloud-init[689]: |                 |
[   16.964686] cloud-init[689]: |     o .         |
[   16.964998] cloud-init[689]: |.   o X o        |
[   16.965553] cloud-init[689]: | o   *.O o       |
[[0;32m  OK  [0m] Reached target System Initialization.
[   16.966028] cloud-init[689]: | o+ E.BoS        |
[   16.969036] cloud-init[689]: |ooo=..o= =       |
[   16.969713] cloud-init[689]: |+=o oo. = .      |
[   16.970788] cloud-init[689]: |* +..o+. o       |
[   16.971727] cloud-init[689]: |o=.. =+.         |
[   16.972709] cloud-init[689]: +----[SHA256]-----+
[   16.973598] cloud-init[689]: Generating public/private ed25519 key pair.[[0;32m  OK  [0m] Started ACPI Events Check.
[[0;32m  OK  [0m] Listening on UUID daemon activation socket.
[[0;32m  OK  [0m] Started Daily apt download activities.
[[0;32m  OK  [0m] Started Discard unused blocks once a week.
[[0;32m  OK  [0m] Listening on D-Bus System Message Bus Socket.
[[0;32m  OK  [0m] Reached target Paths.
[[0;32m  OK  [0m] Listening on Open-iSCSI iscsid Socket.
         Starting Socket activation for snappy daemon.
[[0;32m  OK  [0m] Started Daily Cleanup of Temporary Directories.
[
[0;32m  OK  [0m] Started Daily apt upgrade and clean activities.
[[0;32m  OK  [0m] Listening on cloud-init hotplug hook socket.
[[0;32m  OK  [0m] Listening on ACPID Listen Socket.
[   16.981608] [[0;32m  OK  [0m] Started Ubuntu Advantage Timer for running repeated jobs.
cloud-init[689]: Your identification has been saved in /etc/ssh/ssh_host_ed25519_key.         Starting LXD - unix socket.
[[0;32m  OK  [0m] Started Message of the Day.
[[0;32m  OK  [0m] Reached target Timers.
[[0;32m  OK  [0m] Reached target Network is Online.

[   17.002673] cloud-init[689]: Your public key has been saved in /etc/ssh/ssh_host_ed25519_key.pub.
[   17.004242] cloud-init[689]: The key fingerprint is:
         Starting Availability of block devices...
[[0;32m  OK  [0m] Reached target Remote File Systems (Pre).
[[0;32m  OK  [0m] Reached target Remote File Systems.
[[0;32m  OK  [0m] Reached target Cloud-config availability.
[[0;32m  OK  [0m] Listening on Socket activation for snappy daemon.
[[0;32m  OK  [0m] Listening on LXD - unix socket.
[[0;32m  OK  [0m] Reached target Sockets.
[[0;32m  OK  [0m] Reached target Basic System.
         Starting Login Service...
[   17.006432] cloud-init[689]: SHA256:CFpzZayajZUtHmh5Npw8ZkTKhnpbjLNr4Y5Yac7JAp0 root@ubuntu-bionic
[   17.017548] cloud-init[689]: The key's randomart image is:
[   17.018820] cloud-init[689]: +--[ED25519 256]--+
[   17.019903] cloud-init[689]: |     ...o        |
[   17.021212] cloud-init[689]: |   o ..o.        |
[   17.022269] cloud-init[689]: |  . B*.=         |
[   17.023380] cloud-init[689]: | . *++^..        |
[   17.031751] cloud-init[689]: |..=oo%.=S        |
[   17.033160] cloud-init[[0;32m  OK  [0m] Started irqbalance daemon.
[689]: |..E*+ o          |
         Starting Accounts Service...
[   17.044984] cloud-init[689]: |..*.             |
         Starting System Logging Service...
[   17.061814] cloud-init[689]: |oBoo             |
         Starting Permit User Sessions...
[   17.076963] cloud-init[689]: |o+B              |
         Starting LXD - container startup/shutdown...
[   17.090552] cloud-init[689]: +----[SHA256]-----+
[[0;32m  OK  [0m] Started Regular background program processing daemon.
[[0;32m  OK  [0m] Started FUSE filesystem for LXC.
[[0;32m  OK  [0m] Started D-Bus System Message Bus.
[[0;32m  OK  [0m] Started Login Service.
[[0;32m  OK  [0m] Started Unattended Upgrades Shutdown.
         Starting LSB: Record successful boot for GRUB...
         Starting Virtualbox guest utils...
         Starting Pollinate to seed the pseudo random number generator...
[[0;32m  OK  [0m] Started Deferred execution scheduler.
         Starting LSB: automatic crash report generation...
         Starting Dispatcher daemon for systemd-networkd...
         Starting Snap Daemon...
[[0;32m  OK  [0m] Started System Logging Service.
[[0;32m  OK  [0m] Started Availability of block devices.
[[0;32m  OK  [0m] Started Permit User Sessions.
[[0;32m  OK  [0m] Started LXD - container startup/shutdown.
         Starting Authorization Manager...
         Starting Terminate Plymouth Boot Screen...
         Starting Hold until boot process finishes up...
[[0;32m  OK  [0m] Started Hold until boot process finishes up.
[[0;32m  OK  [0m] Started Serial Getty on ttyS0.
         Starting Set console scheme...
[[0;32m  OK  [0m] Started Terminate Plymouth Boot Screen.
[[0;32m  OK  [0m] Started LSB: automatic crash report generation.
[[0;32m  OK  [0m] Started LSB: Record successful boot for GRUB.
[[0;32m  OK  [0m] Started Set console scheme.
[[0;32m  OK  [0m] Created slice system-getty.slice.
[[0;32m  OK  [0m] Started Getty on tty1.
[[0;32m  OK  [0m] Reached target Login Prompts.
[[0;32m  OK  [0m] Started Authorization Manager.
[[0;32m  OK  [0m] Started Accounts Service.
[[0;32m  OK  [0m] Started Virtualbox guest utils.
[[0;32m  OK  [0m] Started Dispatcher daemon for systemd-networkd.
[[0;32m  OK  [0m] Started Snap Daemon.
         Starting Wait until snapd is fully seeded...
         Starting Time & Date Service...
[[0;32m  OK  [0m] Started Time & Date Service.
[[0;32m  OK  [0m] Started Pollinate to seed the pseudo random number generator.
         Starting OpenBSD Secure Shell server...
[[0;32m  OK  [0m] Started OpenBSD Secure Shell server.
[[0;32m  OK  [0m] Created slice User Slice of vagrant.
         Starting User Manager for UID 1000...
[[0;32m  OK  [0m] Started Session 1 of user vagrant.
[[0;32m  OK  [0m] Started User Manager for UID 1000.
[[0;32m  OK  [0m] Started Wait until snapd is fully seeded.
         Starting Apply the settings specified in cloud-config...
[   22.641704] cloud-init[1222]: Cloud-init v. 22.2-0ubuntu1~18.04.3 running 'modules:config' at Tue, 23 Aug 2022 13:37:43 +0000. Up 21.29 seconds.

Ubuntu 18.04.6 LTS ubuntu-bionic ttyS0

ubuntu-bionic login: ci-info: no authorized SSH keys fingerprints found for user ubuntu.
<14>Aug 23 13:37:46 cloud-init: #############################################################
<14>Aug 23 13:37:46 cloud-init: -----BEGIN SSH HOST KEY FINGERPRINTS-----
<14>Aug 23 13:37:46 cloud-init: 1024 SHA256:yEXA3PHt0ruHyVMeyMs55o4SzTOduzQOPRKtn8NLuSk root@ubuntu-bionic (DSA)
<14>Aug 23 13:37:46 cloud-init: 256 SHA256:CG3j0yFrE5xytw+24TPitiZRm+6AAa+e/JA0aqskfXA root@ubuntu-bionic (ECDSA)
<14>Aug 23 13:37:46 cloud-init: 256 SHA256:CFpzZayajZUtHmh5Npw8ZkTKhnpbjLNr4Y5Yac7JAp0 root@ubuntu-bionic (ED25519)
<14>Aug 23 13:37:46 cloud-init: 2048 SHA256:siI8IJ4UfvsVLDcPKVSe1u3TKXOJn/46Xf86Lnmwsd8 root@ubuntu-bionic (RSA)
<14>Aug 23 13:37:46 cloud-init: -----END SSH HOST KEY FINGERPRINTS-----
<14>Aug 23 13:37:46 cloud-init: #############################################################
-----BEGIN SSH HOST KEY KEYS-----
ecdsa-sha2-nistp256 AAAAE2VjZHNhLXNoYTItbmlzdHAyNTYAAAAIbmlzdHAyNTYAAABBBG2dTmUzeU35rCpZSHOrodD15diSspwT31/cev78nmKvxixGapOSG97dUXEts1n0lCFtBA23pD3/yq9DxLDrgPU= root@ubuntu-bionic
ssh-ed25519 AAAAC3NzaC1lZDI1NTE5AAAAILXT5Ky1UYa/ryGdiscCJ/Ucq1lQk3xXRmYVg1bRXALh root@ubuntu-bionic
ssh-rsa AAAAB3NzaC1yc2EAAAADAQABAAABAQDTSNrhAl17qdT4rKRs1JesuqcUcoSU+qOIgBH3KhhbUCbxT1MbvbV0QUCN3R/fYJeen3NCfliOAADPaNDRnt76cfqf+fMIbg/ftQ3kv4o9o+ZsPNSO+qPTGQ3duRR354IQZ/8u+SNNRl3bOHrY45Wy1zqIFcPXiCTNpLFtiaMigtV1sNvLNH7ZBqlu3wufUFCeuTf8KtoEyW8OUQ+1QJCeGyqAYWDXFjzc4H/lIrvANzoCHN2O3VEkLERSbyjCqcs2dGY3TENgQEDjH8qELjVw/qcPB1QRtKfwKkU7UzNV1ds4ue9SO2eYWyMxp+WN21h0zEIPN9F68PqY2Ghiysj5 root@ubuntu-bionic
-----END SSH HOST KEY KEYS-----
[   24.237606] cloud-init[1350]: Cloud-init v. 22.2-0ubuntu1~18.04.3 running 'modules:final' at Tue, 23 Aug 2022 13:37:46 +0000. Up 23.78 seconds.
[   24.240124] cloud-init[1350]: Cloud-init v. 22.2-0ubuntu1~18.04.3 finished at Tue, 23 Aug 2022 13:37:46 +0000. Datasource DataSourceNoCloud [seed=/dev/sdb][dsmode=net].  Up 24.21 seconds
